[2022-10-15 11:21:21][debug] begin notify
[2022-10-15 11:24:46][debug] begin notify
[2022-10-15 11:45:21][debug] begin notify
[2022-10-15 11:45:22][debug] begin notify
[2022-10-15 11:45:23][debug] begin notify
[2022-10-15 11:45:24][debug] begin notify
[2022-10-15 11:45:25][debug] begin notify
[2022-10-15 11:45:27][debug] begin notify
[2022-10-15 11:45:37][debug] begin notify
[2022-10-15 11:45:42][debug] begin notify
[2022-10-15 11:45:53][debug] begin notify
[2022-10-15 11:45:57][debug] begin notify
[2022-10-15 11:46:23][debug] begin notify
[2022-10-15 11:46:27][debug] begin notify
[2022-10-15 11:49:24][debug] begin notify
[2022-10-15 11:49:24][debug] begin Y20221015114506270106
[2022-10-15 11:49:28][debug] begin notify
[2022-10-15 11:49:28][debug] begin Y20221015114506270106
[2022-10-15 11:51:59][debug] begin notify
[2022-10-15 11:51:59][debug] begin Y20221015115145658787,4200001615202210153063177060,0.01  
[2022-10-15 11:51:59][debug] select * from pay_log where payNo = 'Y20221015115145658787' 
[2022-10-15 11:52:00][debug] begin notify
[2022-10-15 11:52:00][debug] begin Y20221015115145658787,4200001615202210153063177060,0.01  
[2022-10-15 11:52:00][debug] select * from pay_log where payNo = 'Y20221015115145658787' 
[2022-10-15 11:52:01][debug] begin notify
[2022-10-15 11:52:01][debug] begin Y20221015115145658787,4200001615202210153063177060,0.01  
[2022-10-15 11:52:01][debug] select * from pay_log where payNo = 'Y20221015115145658787' 
[2022-10-15 11:52:02][debug] begin notify
[2022-10-15 11:52:02][debug] begin Y20221015115145658787,4200001615202210153063177060,0.01  
[2022-10-15 11:52:02][debug] select * from pay_log where payNo = 'Y20221015115145658787' 
[2022-10-15 11:52:04][debug] begin notify
[2022-10-15 11:52:04][debug] begin Y20221015115145658787,4200001615202210153063177060,0.01  
[2022-10-15 11:52:04][debug] select * from pay_log where payNo = 'Y20221015115145658787' 
[2022-10-15 11:52:05][debug] begin notify
[2022-10-15 11:52:05][debug] begin Y20221015115145658787,4200001615202210153063177060,0.01  
[2022-10-15 11:52:05][debug] select * from pay_log where payNo = 'Y20221015115145658787' 
[2022-10-15 11:52:15][debug] begin notify
[2022-10-15 11:52:15][debug] begin Y20221015115145658787,4200001615202210153063177060,0.01  
[2022-10-15 11:52:15][debug] select * from pay_log where payNo = 'Y20221015115145658787' 
[2022-10-15 11:52:20][debug] begin notify
[2022-10-15 11:52:20][debug] begin Y20221015115145658787,4200001615202210153063177060,0.01  
[2022-10-15 11:52:20][debug] select * from pay_log where payNo = 'Y20221015115145658787' 
[2022-10-15 11:52:30][debug] begin notify
[2022-10-15 11:52:30][debug] begin Y20221015115145658787,4200001615202210153063177060,0.01  
[2022-10-15 11:52:30][debug] select * from pay_log where payNo = 'Y20221015115145658787' 
[2022-10-15 11:52:35][debug] begin notify
[2022-10-15 11:52:35][debug] begin Y20221015115145658787,4200001615202210153063177060,0.01  
[2022-10-15 11:52:35][debug] select * from pay_log where payNo = 'Y20221015115145658787' 
[2022-10-15 11:53:01][debug] begin notify
[2022-10-15 11:53:01][debug] begin Y20221015115145658787,4200001615202210153063177060,0.01  
[2022-10-15 11:53:01][debug] select * from pay_log where payNo = 'Y20221015115145658787' 
[2022-10-15 11:53:06][debug] begin notify
[2022-10-15 11:53:06][debug] begin Y20221015115145658787,4200001615202210153063177060,0.01  
[2022-10-15 11:53:06][debug] select * from pay_log where payNo = 'Y20221015115145658787' 
[2022-10-15 11:56:02][debug] begin notify
[2022-10-15 11:56:02][debug] begin Y20221015115145658787,4200001615202210153063177060,0.01  
[2022-10-15 11:56:02][debug] select * from pay_log where payNo = 'Y20221015115145658787' 
[2022-10-15 11:56:02][debug] hahah 
[2022-10-15 11:59:24][debug] begin notify
[2022-10-15 11:59:24][debug] begin Y20221015114506270106,4200001630202210154812964858,0.01  
[2022-10-15 11:59:24][debug] select * from pay_log where payNo = 'Y20221015114506270106' 
[2022-10-15 11:59:24][debug] hahah 
